{
  "stats": {
    "suites": 1,
    "tests": 1,
    "passes": 1,
    "pending": 0,
    "failures": 0,
    "start": "2021-06-11T17:33:15.593Z",
    "end": "2021-06-11T17:33:24.703Z",
    "duration": 9110,
    "testsRegistered": 1,
    "passPercent": 100,
    "pendingPercent": 0,
    "other": 0,
    "hasOther": false,
    "skipped": 0,
    "hasSkipped": false
  },
  "results": [
    {
      "uuid": "71f47e45-ae55-45d0-8604-ce581ed48bd2",
      "title": "",
      "fullFile": "cypress/integration/react-app-actions/test.spec.js",
      "file": "cypress/integration/react-app-actions/test.spec.js",
      "beforeHooks": [],
      "afterHooks": [],
      "tests": [],
      "suites": [
        {
          "uuid": "c069ccdd-f90e-4b8c-811f-bd14bb385714",
          "title": "Actions",
          "fullFile": "",
          "file": "",
          "beforeHooks": [],
          "afterHooks": [],
          "tests": [
            {
              "title": "Elements visible in the Dom",
              "fullTitle": "Actions Elements visible in the Dom",
              "timedOut": null,
              "duration": 983,
              "state": "passed",
              "speed": "slow",
              "pass": true,
              "fail": false,
              "pending": false,
              "context": "\"videos/react-app-actions/test.spec.js.mp4\"",
              "code": "cy.get('.App-link').should('exist').should('be.visible').should('have.text', 'Learn React');",
              "err": {},
              "uuid": "98d64458-5938-4cc3-945e-555431e82c78",
              "parentUUID": "c069ccdd-f90e-4b8c-811f-bd14bb385714",
              "isHook": false,
              "skipped": false
            }
          ],
          "suites": [],
          "passes": [
            "98d64458-5938-4cc3-945e-555431e82c78"
          ],
          "failures": [],
          "pending": [],
          "skipped": [],
          "duration": 983,
          "root": false,
          "rootEmpty": false,
          "_timeout": 2000
        }
      ],
      "passes": [],
      "failures": [],
      "pending": [],
      "skipped": [],
      "duration": 0,
      "root": true,
      "rootEmpty": true,
      "_timeout": 2000
    }
  ],
  "meta": {
    "mocha": {
      "version": "7.0.1"
    },
    "mochawesome": {
      "options": {
        "quiet": false,
        "reportFilename": "mochawesome",
        "saveHtml": false,
        "saveJson": true,
        "consoleReporter": "spec",
        "useInlineDiffs": false,
        "code": true
      },
      "version": "6.2.2"
    },
    "marge": {
      "options": {
        "overwrite": false,
        "html": false,
        "json": true
      },
      "version": "5.2.0"
    }
  }
}